{
  "stats": {
    "suites": 1,
    "tests": 6,
    "passes": 6,
    "pending": 0,
    "failures": 0,
    "start": "2026-05-20T08:46:11.986Z",
    "end": "2026-05-20T08:46:11.991Z",
    "duration": 5,
    "testsRegistered": 6,
    "passPercent": 100,
    "pendingPercent": 0,
    "other": 0,
    "hasOther": false,
    "skipped": 0,
    "hasSkipped": false
  },
  "results": [
    {
      "uuid": "5f45ffc5-2181-4a56-90bd-a9314bece2ba",
      "title": "",
      "fullFile": "C:\\Users\\gusta\\OneDrive\\Área de Trabalho\\Meus Projetos\\Pós-graduação em Automação de Testes de Software\\Programacao_para_automacao_de_teste\\servicoTransferencia\\test\\servicoTransferencia.test.js",
      "file": "\\test\\servicoTransferencia.test.js",
      "beforeHooks": [],
      "afterHooks": [],
      "tests": [],
      "suites": [
        {
          "uuid": "134ed7b6-0cd6-4b4e-8b11-8644c6847dd8",
          "title": "Servico de Transferencia",
          "fullFile": "C:\\Users\\gusta\\OneDrive\\Área de Trabalho\\Meus Projetos\\Pós-graduação em Automação de Testes de Software\\Programacao_para_automacao_de_teste\\servicoTransferencia\\test\\servicoTransferencia.test.js",
          "file": "\\test\\servicoTransferencia.test.js",
          "beforeHooks": [
            {
              "title": "\"before each\" hook in \"Servico de Transferencia\"",
              "fullTitle": "Servico de Transferencia \"before each\" hook in \"Servico de Transferencia\"",
              "timedOut": false,
              "duration": 0,
              "state": null,
              "speed": null,
              "pass": false,
              "fail": false,
              "pending": false,
              "context": null,
              "code": "servicoTransferencia = new ServicoTranferencia();",
              "err": {},
              "uuid": "00626e37-042f-48e1-8a5c-eb31b9471c98",
              "parentUUID": "134ed7b6-0cd6-4b4e-8b11-8644c6847dd8",
              "isHook": true,
              "skipped": false
            }
          ],
          "afterHooks": [],
          "tests": [
            {
              "title": "Deve validar a mensagem de erro quando a informação de origem não for preenchida",
              "fullTitle": "Servico de Transferencia Deve validar a mensagem de erro quando a informação de origem não for preenchida",
              "timedOut": false,
              "duration": 1,
              "state": "passed",
              "speed": "fast",
              "pass": true,
              "fail": false,
              "pending": false,
              "context": null,
              "code": "const mensagemDeErro =\n  \"As informações de destino, origem e valor precisam ser preenchidas\";\nassert.throws(\n  () => {\n    servicoTransferencia.transferir();\n  },\n  {\n    message: mensagemDeErro,\n  },\n);",
              "err": {},
              "uuid": "2bc0be79-69b0-4195-8184-db413142eda8",
              "parentUUID": "134ed7b6-0cd6-4b4e-8b11-8644c6847dd8",
              "isHook": false,
              "skipped": false
            },
            {
              "title": "Deve validar mensagem de erro quando a informação de destino não for preenchida",
              "fullTitle": "Servico de Transferencia Deve validar mensagem de erro quando a informação de destino não for preenchida",
              "timedOut": false,
              "duration": 0,
              "state": "passed",
              "speed": "fast",
              "pass": true,
              "fail": false,
              "pending": false,
              "context": null,
              "code": "const mensagemDeErro =\n  \"As informações de destino, origem e valor precisam ser preenchidas\";\nassert.throws(\n  () => {\n    servicoTransferencia.transferir(\"Gustavo\", \"\", 500);\n  },\n  {\n    message: mensagemDeErro,\n  },\n);",
              "err": {},
              "uuid": "7d610a97-9bf0-4ef7-8f66-fd8e3fcd44f9",
              "parentUUID": "134ed7b6-0cd6-4b4e-8b11-8644c6847dd8",
              "isHook": false,
              "skipped": false
            },
            {
              "title": "Deve validar mensagem de erro quando a informação do valor não for preenchida",
              "fullTitle": "Servico de Transferencia Deve validar mensagem de erro quando a informação do valor não for preenchida",
              "timedOut": false,
              "duration": 1,
              "state": "passed",
              "speed": "fast",
              "pass": true,
              "fail": false,
              "pending": false,
              "context": null,
              "code": "const mensagemDeErro =\n  \"As informações de destino, origem e valor precisam ser preenchidas\";\nassert.throws(\n  () => {\n    servicoTransferencia.transferir(\"Gustavo\", \"Paola\");\n  },\n  {\n    message: mensagemDeErro,\n  },\n);",
              "err": {},
              "uuid": "f8f1897a-5c0b-4989-ba09-b9fb1ad81dc6",
              "parentUUID": "134ed7b6-0cd6-4b4e-8b11-8644c6847dd8",
              "isHook": false,
              "skipped": false
            },
            {
              "title": "Deve validar se a transferencia foi realizada com suecesso",
              "fullTitle": "Servico de Transferencia Deve validar se a transferencia foi realizada com suecesso",
              "timedOut": false,
              "duration": 0,
              "state": "passed",
              "speed": "fast",
              "pass": true,
              "fail": false,
              "pending": false,
              "context": null,
              "code": "const transferir = servicoTransferencia.transferir('Gustavo', 'Paola', 500);\nconst mensagemSucesso = 'Transferencia realizada com sucesso';\nassert.equal(transferir,mensagemSucesso);",
              "err": {},
              "uuid": "03941503-216d-4f73-9117-5a1f80c32221",
              "parentUUID": "134ed7b6-0cd6-4b4e-8b11-8644c6847dd8",
              "isHook": false,
              "skipped": false
            },
            {
              "title": "Deve validar as informações as informações do extrato",
              "fullTitle": "Servico de Transferencia Deve validar as informações as informações do extrato",
              "timedOut": false,
              "duration": 1,
              "state": "passed",
              "speed": "fast",
              "pass": true,
              "fail": false,
              "pending": false,
              "context": null,
              "code": "servicoTransferencia.transferir('Gustavo', 'Paola', 500);\nassert.deepEqual(servicoTransferencia.consultarExtrato[0], { origem: 'Gustavo', destino: 'Paola', valor: 500 });",
              "err": {},
              "uuid": "69900d0b-5045-460d-8526-7e4f8c7b2ab1",
              "parentUUID": "134ed7b6-0cd6-4b4e-8b11-8644c6847dd8",
              "isHook": false,
              "skipped": false
            },
            {
              "title": "Deve validar se o valor da transferencia for maior que 5000 a informção requerAutorizacao é apresentada",
              "fullTitle": "Servico de Transferencia Deve validar se o valor da transferencia for maior que 5000 a informção requerAutorizacao é apresentada",
              "timedOut": false,
              "duration": 0,
              "state": "passed",
              "speed": "fast",
              "pass": true,
              "fail": false,
              "pending": false,
              "context": null,
              "code": "servicoTransferencia.transferir('Gustavo', 'Paola', 5000.01);\nassert.deepEqual(servicoTransferencia.consultarExtrato[0], { origem: 'Gustavo', destino: 'Paola', valor: 5000.01, requerAutorizacao:true});",
              "err": {},
              "uuid": "3a62334c-d0a5-4d5d-a7e2-55d5526ad0b5",
              "parentUUID": "134ed7b6-0cd6-4b4e-8b11-8644c6847dd8",
              "isHook": false,
              "skipped": false
            }
          ],
          "suites": [],
          "passes": [
            "2bc0be79-69b0-4195-8184-db413142eda8",
            "7d610a97-9bf0-4ef7-8f66-fd8e3fcd44f9",
            "f8f1897a-5c0b-4989-ba09-b9fb1ad81dc6",
            "03941503-216d-4f73-9117-5a1f80c32221",
            "69900d0b-5045-460d-8526-7e4f8c7b2ab1",
            "3a62334c-d0a5-4d5d-a7e2-55d5526ad0b5"
          ],
          "failures": [],
          "pending": [],
          "skipped": [],
          "duration": 3,
          "root": false,
          "rootEmpty": false,
          "_timeout": 2000
        }
      ],
      "passes": [],
      "failures": [],
      "pending": [],
      "skipped": [],
      "duration": 0,
      "root": true,
      "rootEmpty": true,
      "_timeout": 2000
    }
  ],
  "meta": {
    "mocha": {
      "version": "11.7.5"
    },
    "mochawesome": {
      "options": {
        "quiet": false,
        "reportFilename": "mochawesome",
        "saveHtml": true,
        "saveJson": true,
        "consoleReporter": "spec",
        "useInlineDiffs": false,
        "code": true
      },
      "version": "7.1.4"
    },
    "marge": {
      "options": null,
      "version": "6.3.2"
    }
  }
}